<?xml version="1.0" encoding="UTF-8"?>
<!-- Generated by org.testng.reporters.JUnitReportReporter -->
<testsuite skipped="0" hostname="DESKTOP-8F70P3O" name="remoteTesting.DockerValidation.StartDocker" tests="1" failures="0" timestamp="2021-10-05T20:47:07 IST" time="35.356" errors="0">
  <testcase name="startDockerFile" time="35.356" classname="remoteTesting.DockerValidation.StartDocker"/>
  <system-out/>
</testsuite> <!-- remoteTesting.DockerValidation.StartDocker -->
