<?xml version="1.0" encoding="UTF-8"?>
<!-- Generated by org.testng.reporters.JUnitReportReporter -->
<testsuite skipped="0" hostname="DESKTOP-8F70P3O" name="remoteTesting.DockerValidation.StopDocker" tests="1" failures="0" timestamp="2021-10-05T20:48:42 IST" time="3.666" errors="0">
  <testcase name="stopDockerFile" time="3.666" classname="remoteTesting.DockerValidation.StopDocker"/>
  <system-out/>
</testsuite> <!-- remoteTesting.DockerValidation.StopDocker -->
