<?xml version="1.0" encoding="UTF-8"?>
<!-- Generated by org.testng.reporters.JUnitReportReporter -->
<testsuite skipped="0" hostname="DESKTOP-8F70P3O" name="remoteTesting.DockerValidation.StartDocker2" tests="1" failures="0" timestamp="2021-10-05T14:21:17 IST" time="2.186" errors="0">
  <testcase name="startDockerFile" time="2.186" classname="remoteTesting.DockerValidation.StartDocker2"/>
  <system-out/>
</testsuite> <!-- remoteTesting.DockerValidation.StartDocker2 -->
