<?xml version="1.0" encoding="UTF-8"?>
<!-- Generated by org.testng.reporters.JUnitReportReporter -->
<testsuite skipped="0" hostname="DESKTOP-8F70P3O" name="remoteTesting.DockerValidation.ChromeTest3" tests="1" failures="0" timestamp="2021-10-18T13:17:52 IST" time="217.560" errors="0">
  <testcase name="test3" time="217.560" classname="remoteTesting.DockerValidation.ChromeTest3"/>
  <system-out/>
</testsuite> <!-- remoteTesting.DockerValidation.ChromeTest3 -->
