<?xml version="1.0" encoding="UTF-8"?>
<!-- Generated by org.testng.reporters.JUnitReportReporter -->
<testsuite skipped="0" hostname="DESKTOP-8F70P3O" name="ProgramStreams.Test1" tests="1" failures="0" timestamp="2021-10-31T16:17:01 IST" time="0.133" errors="0">
  <testcase name="streamCollect" time="0.133" classname="ProgramStreams.Test1"/>
  <system-out/>
</testsuite> <!-- ProgramStreams.Test1 -->
