<?xml version="1.0" encoding="UTF-8"?>
<!-- Generated by org.testng.reporters.JUnitReportReporter -->
<testsuite skipped="1" hostname="DESKTOP-8F70P3O" name="remoteTesting.DockerValidation.ChromeTest2" tests="1" failures="0" timestamp="2021-10-08T11:07:03 IST" time="0.000" errors="0">
  <testcase name="test2" time="0.000" classname="remoteTesting.DockerValidation.ChromeTest2">
    <skipped/>
  </testcase> <!-- test2 -->
  <system-out/>
</testsuite> <!-- remoteTesting.DockerValidation.ChromeTest2 -->
